27-09-20 19:27:03	Ce journal contient des informations sur l'importation du schéma dans le projet 'Genealogie.DB.SQL' sur l'ordinateur 'FORMA-VDI1308' par l'utilisateur 'o.paquet'.
27-09-20 19:27:04	L'importation du schéma de base de données a commencé.
27-09-20 19:27:04	Collecte des options de la base de données
27-09-20 19:27:04	Collecte des utilisateurs
27-09-20 19:27:04	Collecte des rôles
27-09-20 19:27:05	Collecte des rôles d'application
27-09-20 19:27:05	Collecte des appartenances aux rôles
27-09-20 19:27:05	Collecte des groupes de fichiers
27-09-20 19:27:05	Collecte des fichiers
27-09-20 19:27:05	Collecte des catalogues de recherche en texte intégral
27-09-20 19:27:05	Collecte des assemblys
27-09-20 19:27:05	Collecte des certificats
27-09-20 19:27:05	Collecte des clés asymétriques
27-09-20 19:27:05	Collecte des clés symétriques
27-09-20 19:27:05	Collecte des clés symétriques chiffrées
27-09-20 19:27:05	Collecte des clés de chiffrement de la base de données
27-09-20 19:27:05	Collecte des schémas
27-09-20 19:27:05	Collecte des collections de schémas XML
27-09-20 19:27:05	Collecte des types de données définis par l'utilisateur
27-09-20 19:27:05	Collecte des types définis par l'utilisateur
27-09-20 19:27:05	Collecte des types de tables
27-09-20 19:27:05	Collecte des clés uniques des types de tables
27-09-20 19:27:05	Collecte des clés primaires pour les types de tables
27-09-20 19:27:05	Collecte d'index pour types de tables
27-09-20 19:27:05	Collecte des contraintes de validation pour les types de tables
27-09-20 19:27:05	Collecte des contraintes par défaut pour les types de tables
27-09-20 19:27:05	Collecte des fonctions de partition
27-09-20 19:27:05	Collecte des schémas de partition
27-09-20 19:27:05	Collecte des fonctions
27-09-20 19:27:05	Collecte de fonctions cryptées
27-09-20 19:27:05	Collecte des agrégats
27-09-20 19:27:05	Collecte des procédures
27-09-20 19:27:05	Collecte de procédures cryptées
27-09-20 19:27:05	Collecte des tables
27-09-20 19:27:05	Collecte des clés primaires
27-09-20 19:27:05	Collecte des contraintes uniques
27-09-20 19:27:06	Collecte des clés étrangères
27-09-20 19:27:06	Collecte des contraintes par défaut
27-09-20 19:27:06	Collecte des contraintes de validation
27-09-20 19:27:06	Collecte des vues
27-09-20 19:27:06	Collecte de vues cryptées
27-09-20 19:27:06	Collecte des index
27-09-20 19:27:06	Collecte des statistiques
27-09-20 19:27:06	Collecte des listes de mots vides d'index de recherche en texte intégral
27-09-20 19:27:06	Collecte des listes de propriétés de recherche
27-09-20 19:27:06	Collecte des propriétés de recherche
27-09-20 19:27:06	Collecte des index de recherche en texte intégral
27-09-20 19:27:06	Collecte des index de la banque de colonnes
27-09-20 19:27:06	Collecte des index spatiaux
27-09-20 19:27:06	Collecte des index XML
27-09-20 19:27:06	Collecte d'index XML sélectifs
27-09-20 19:27:06	Collecte de déclencheurs cryptés
27-09-20 19:27:06	Collecte des déclencheurs
27-09-20 19:27:07	Collecte des déclencheurs chiffrés et DDL CLR
27-09-20 19:27:07	Collecte des DDL triggers
27-09-20 19:27:07	Collecte des synonymes
27-09-20 19:27:07	Collecte des valeurs par défaut
27-09-20 19:27:07	Collecte des liaisons UDDT de contrainte de données
27-09-20 19:27:07	Collecte des règles
27-09-20 19:27:07	Collecte des liaisons UDDT de contrainte de données
27-09-20 19:27:07	Collecte des types de messages
27-09-20 19:27:07	Collecte des files d'attente
27-09-20 19:27:07	Collecte des contrats
27-09-20 19:27:07	Collecte des services
27-09-20 19:27:07	Collecte des itinéraires
27-09-20 19:27:07	Collecte des notifications d'événements
27-09-20 19:27:07	Collecte des liaisons de service distant
27-09-20 19:27:07	Collecte des priorités de Service Broker
27-09-20 19:27:07	Collecte des spécifications de l'audit de la base de données
27-09-20 19:27:07	Collecte des signatures
27-09-20 19:27:07	Collection des options de compression de données
27-09-20 19:27:07	Collecte des types de séquences
27-09-20 19:27:07	Collection des propriétés étendues
27-09-20 19:27:07	Analyse du projet à la recherche des éléments en double
27-09-20 19:27:07	Fin du traitement des éléments en double
27-09-20 19:27:10	Importation de la base de données terminée.
27-09-20 19:27:10	Un résumé de l'opération d'importation a été enregistré à l'emplacement suivant : C:\Users\o.paquet\Documents\GitHub\GenealogieV1.1\C#\DevVersion\Genealogie.DAL.Global\Genealogie.DB.SQL\Importer les journaux de schémas\Genealogie.DB.SQL_20200927052703.log.
27-09-20 19:27:10	Cliquez sur Terminer pour continuer...
